<?xml version="1.0" encoding="UTF-8"?>
<testsuite xmlns:xsi="http://www.w3.org/2001/XMLSchema-instance" xsi:noNamespaceSchemaLocation="https://maven.apache.org/surefire/maven-surefire-plugin/xsd/surefire-test-report-3.0.xsd" version="3.0" name="unitTesting" time="0.07" tests="8" errors="0" skipped="0" failures="0">
  <properties>
[...]
</properties>
  <testcase name="testDeleteStudent_StudentNotFound" classname="unitTesting" time="0.027">
    <system-out><![CDATA[Student details successfully captured.
]]></system-out>
  </testcase>
  <testcase name="testSaveStudent" classname="unitTesting" time="0.002">
    <system-out><![CDATA[Student details successfully captured.
]]></system-out>
  </testcase>
  <testcase name="testSearchStudent_StudentNotFound" classname="unitTesting" time="0.002"/>
  <testcase name="testDeleteStudent" classname="unitTesting" time="0.001">
    <system-out><![CDATA[Student details successfully captured.
]]></system-out>
  </testcase>
  <testcase name="testStudentAge_StudentAgeInvalid" classname="unitTesting" time="0.005">
    <system-out><![CDATA[Enter the student age: 
]]></system-out>
  </testcase>
  <testcase name="testSearchStudent" classname="unitTesting" time="0.002">
    <system-out><![CDATA[Student details successfully captured.
]]></system-out>
  </testcase>
  <testcase name="testStudentAge_StudentAgeInvalidCharacter" classname="unitTesting" time="0.002">
    <system-out><![CDATA[Enter the student age: 
]]></system-out>
  </testcase>
  <testcase name="testStudentAge_StudentAgeValid" classname="unitTesting" time="0.003">
    <system-out><![CDATA[Enter the student age: 
]]></system-out>
  </testcase>
</testsuite>